<?xml version="1.0" encoding="UTF-8"?>
<testng-results skipped="0" failed="0" ignored="0" total="0" passed="0">
  <reporter-output>
  </reporter-output>
  <suite name="noncommercial" duration-ms="4" started-at="2022-03-30T11:31:50Z" finished-at="2022-03-30T11:31:50Z">
    <groups>
    </groups>
    <test name="BankingApp Test" duration-ms="4" started-at="2022-03-30T11:31:50Z" finished-at="2022-03-30T11:31:50Z">
    </test> <!-- BankingApp Test -->
  </suite> <!-- noncommercial -->
</testng-results>
