<?xml version="1.0" encoding="UTF-8"?>
<testng-results skipped="0" failed="0" ignored="0" total="6" passed="6">
  <reporter-output>
  </reporter-output>
  <suite name="Suite" duration-ms="15296" started-at="2022-04-08T18:11:16Z" finished-at="2022-04-08T18:11:31Z">
    <groups>
    </groups>
    <test name="NopCommerce" duration-ms="15296" started-at="2022-04-08T18:11:16Z" finished-at="2022-04-08T18:11:31Z">
      <class name="tests.LoginTest">
        <test-method status="PASS" signature="setup(java.lang.String)[pri:0, instance:tests.LoginTest@6a400542]" name="setup" is-config="true" duration-ms="3601" started-at="2022-04-08T18:11:16Z" finished-at="2022-04-08T18:11:20Z">
          <params>
            <param index="0">
              <value>
                <![CDATA[chrome]]>
              </value>
            </param>
          </params>
          <reporter-output>
          </reporter-output>
        </test-method> <!-- setup -->
        <test-method status="PASS" signature="logintest()[pri:0, instance:tests.LoginTest@6a400542]" name="logintest" duration-ms="3929" started-at="2022-04-08T18:11:20Z" finished-at="2022-04-08T18:11:24Z">
          <reporter-output>
          </reporter-output>
        </test-method> <!-- logintest -->
        <test-method status="PASS" signature="teardown()[pri:0, instance:tests.LoginTest@6a400542]" name="teardown" is-config="true" duration-ms="664" started-at="2022-04-08T18:11:24Z" finished-at="2022-04-08T18:11:24Z">
          <reporter-output>
          </reporter-output>
        </test-method> <!-- teardown -->
      </class> <!-- tests.LoginTest -->
      <class name="tests.LoginDDTTest">
        <test-method status="PASS" signature="setup(java.lang.String)[pri:0, instance:tests.LoginDDTTest@6580cfdd]" name="setup" is-config="true" duration-ms="1819" started-at="2022-04-08T18:11:24Z" finished-at="2022-04-08T18:11:26Z">
          <params>
            <param index="0">
              <value>
                <![CDATA[chrome]]>
              </value>
            </param>
          </params>
          <reporter-output>
          </reporter-output>
        </test-method> <!-- setup -->
        <test-method status="PASS" signature="loginDDT(java.lang.String, java.lang.String)[pri:0, instance:tests.LoginDDTTest@6580cfdd]" name="loginDDT" duration-ms="699" started-at="2022-04-08T18:11:27Z" data-provider="LoginData" finished-at="2022-04-08T18:11:27Z">
          <params>
            <param index="0">
              <value>
                <![CDATA[admin@yourstore.com]]>
              </value>
            </param>
            <param index="1">
              <value>
                <![CDATA[1233]]>
              </value>
            </param>
          </params>
          <reporter-output>
          </reporter-output>
        </test-method> <!-- loginDDT -->
        <test-method status="PASS" signature="loginDDT(java.lang.String, java.lang.String)[pri:0, instance:tests.LoginDDTTest@6580cfdd]" name="loginDDT" duration-ms="724" started-at="2022-04-08T18:11:27Z" data-provider="LoginData" finished-at="2022-04-08T18:11:28Z">
          <params>
            <param index="0">
              <value>
                <![CDATA[admin@yourstore.com]]>
              </value>
            </param>
            <param index="1">
              <value>
                <![CDATA[qAbUzyj]]>
              </value>
            </param>
          </params>
          <reporter-output>
          </reporter-output>
        </test-method> <!-- loginDDT -->
        <test-method status="PASS" signature="loginDDT(java.lang.String, java.lang.String)[pri:0, instance:tests.LoginDDTTest@6580cfdd]" name="loginDDT" duration-ms="767" started-at="2022-04-08T18:11:28Z" data-provider="LoginData" finished-at="2022-04-08T18:11:29Z">
          <params>
            <param index="0">
              <value>
                <![CDATA[admin@yourstore.com]]>
              </value>
            </param>
            <param index="1">
              <value>
                <![CDATA[bAdYvyb]]>
              </value>
            </param>
          </params>
          <reporter-output>
          </reporter-output>
        </test-method> <!-- loginDDT -->
        <test-method status="PASS" signature="loginDDT(java.lang.String, java.lang.String)[pri:0, instance:tests.LoginDDTTest@6580cfdd]" name="loginDDT" duration-ms="847" started-at="2022-04-08T18:11:29Z" data-provider="LoginData" finished-at="2022-04-08T18:11:30Z">
          <params>
            <param index="0">
              <value>
                <![CDATA[admin@yourstore.com]]>
              </value>
            </param>
            <param index="1">
              <value>
                <![CDATA[jahetAp]]>
              </value>
            </param>
          </params>
          <reporter-output>
          </reporter-output>
        </test-method> <!-- loginDDT -->
        <test-method status="PASS" signature="loginDDT(java.lang.String, java.lang.String)[pri:0, instance:tests.LoginDDTTest@6580cfdd]" name="loginDDT" duration-ms="806" started-at="2022-04-08T18:11:30Z" data-provider="LoginData" finished-at="2022-04-08T18:11:31Z">
          <params>
            <param index="0">
              <value>
                <![CDATA[admin@yourstore.com]]>
              </value>
            </param>
            <param index="1">
              <value>
                <![CDATA[tytUreg]]>
              </value>
            </param>
          </params>
          <reporter-output>
          </reporter-output>
        </test-method> <!-- loginDDT -->
        <test-method status="PASS" signature="teardown()[pri:0, instance:tests.LoginDDTTest@6580cfdd]" name="teardown" is-config="true" duration-ms="654" started-at="2022-04-08T18:11:31Z" finished-at="2022-04-08T18:11:31Z">
          <reporter-output>
          </reporter-output>
        </test-method> <!-- teardown -->
      </class> <!-- tests.LoginDDTTest -->
    </test> <!-- NopCommerce -->
  </suite> <!-- Suite -->
</testng-results>
