<?xml version="1.0" encoding="UTF-8"?>
<!-- Generated by org.testng.reporters.JUnitXMLReporter -->
<testsuite hostname="NISL-TEST4" ignored="0" name="NopCommerce" tests="6" failures="0" timestamp="08 Apr 2022 18:11:31 GMT" time="15.296" errors="0">
  <testcase name="logintest" time="3.929" classname="tests.LoginTest"/>
  <testcase name="loginDDT" time="0.699" classname="tests.LoginDDTTest"/>
  <testcase name="loginDDT" time="0.724" classname="tests.LoginDDTTest"/>
  <testcase name="loginDDT" time="0.767" classname="tests.LoginDDTTest"/>
  <testcase name="loginDDT" time="0.847" classname="tests.LoginDDTTest"/>
  <testcase name="loginDDT" time="0.806" classname="tests.LoginDDTTest"/>
</testsuite> <!-- NopCommerce -->
