<?xml version="1.0" encoding="UTF-8"?>
<!-- Generated by org.testng.reporters.JUnitXMLReporter -->
<testsuite hostname="NISL-TEST4" ignored="0" name="NopCommerce" tests="7" failures="0" timestamp="02 Apr 2022 06:13:23 GMT" time="29.667" errors="0">
  <testcase name="loginDDT" time="0.855" classname="tests.LoginDDTTest"/>
  <testcase name="loginDDT" time="0.783" classname="tests.LoginDDTTest"/>
  <testcase name="loginDDT" time="0.717" classname="tests.LoginDDTTest"/>
  <testcase name="loginDDT" time="0.843" classname="tests.LoginDDTTest"/>
  <testcase name="loginDDT" time="0.823" classname="tests.LoginDDTTest"/>
  <testcase name="logintest" time="3.902" classname="tests.LoginTest"/>
  <testcase name="addcustomer" time="10.341" classname="tests.AddCustomerTest"/>
</testsuite> <!-- NopCommerce -->
