<?xml version="1.0" encoding="UTF-8"?>
<!-- Generated by org.testng.reporters.JUnitXMLReporter -->
<testsuite hostname="NISL-TEST4" ignored="0" name="BankingApp Test" tests="1" failures="1" timestamp="30 Mar 2022 16:25:53 GMT" time="9.162" errors="0">
  <testcase name="login" time="1.656" classname="com.noncommercial.testcases.LoginTest">
    <failure type="java.lang.NullPointerException">
      <![CDATA[java.lang.NullPointerException
at com.noncommercial.testcases.LoginTest.login(LoginTest.java:22)
... Removed 25 stack frames]]>
    </failure>
  </testcase> <!-- login -->
</testsuite> <!-- BankingApp Test -->
